{
  "RSpec": {
    "coverage": {
      "/home/wondrous-fork-3796/tic-tac-toe-rb-online-web-sp-000/lib/tic_tac_toe.rb": [
        1,
        17,
        17,
        17,
        17,
        17,
        null,
        null,
        null,
        1,
        null,
        null,
        null,
        null,
        null,
        null,
        null,
        null,
        null,
        1,
        16,
        null,
        null,
        1,
        15,
        15,
        null,
        null,
        1,
        101,
        null,
        null,
        1,
        16,
        null,
        null,
        1,
        13,
        13,
        13,
        13,
        12,
        null,
        1,
        1,
        null,
        null,
        null,
        1,
        14,
        14,
        14,
        14,
        null,
        null,
        1,
        13,
        null,
        null,
        1,
        48,
        293,
        null,
        null,
        null,
        null,
        null,
        1,
        15,
        null,
        null,
        1,
        16,
        null,
        null,
        1,
        13,
        null,
        null,
        null,
        null,
        null,
        null,
        null,
        null,
        1,
        6,
        5,
        null,
        null,
        null,
        1,
        11,
        11,
        4,
        7,
        3,
        null,
        null,
        null,
        null
      ]
    },
    "timestamp": 1567867690
  }
}
