{
  "RSpec": {
    "coverage": {
      "/home/wondrous-fork-3796/tic-tac-toe-rb-online-web-sp-000/lib/tic_tac_toe.rb": [
        1,
        2,
        2,
        2,
        2,
        2,
        null,
        null,
        null,
        1,
        null,
        null,
        null,
        null,
        null,
        null,
        null,
        null,
        null,
        1,
        13,
        null,
        null,
        1,
        12,
        null,
        null,
        1,
        56,
        null,
        null,
        1,
        13,
        null,
        null,
        1,
        10,
        10,
        10,
        10,
        9,
        null,
        1,
        1,
        null,
        null,
        null,
        1,
        2,
        2,
        2,
        2,
        null,
        null,
        1,
        1,
        null,
        null,
        1,
        25,
        164,
        null,
        null,
        null,
        null,
        null,
        1,
        9,
        null,
        null,
        1,
        10,
        null,
        null,
        1,
        3,
        null,
        null,
        null,
        null,
        null,
        null,
        null,
        null,
        1,
        4,
        3,
        null,
        null,
        null,
        1,
        4,
        4,
        1,
        3,
        0,
        null,
        null,
        null,
        null
      ]
    },
    "timestamp": 1567867486
  }
}
